2022-09-21 23:35:34,314 INFO  [org.jboss.as.clustering.infinispan] (ServerService Thread Pool -- 45) WFLYCLINF0001: Activating Infinispan subsystem.
2022-09-21 23:35:34,318 INFO  [org.jboss.as.jaxrs] (ServerService Thread Pool -- 47) WFLYRS0016: RESTEasy version 3.0.24.Final
2022-09-21 23:35:34,347 WARN  [org.jboss.as.txn] (ServerService Thread Pool -- 64) WFLYTX0013: The node-identifier attribute on the /subsystem=transactions is set to the default value. This is a danger for environments running multiple servers. Please make sure the attribute value is unique.
2022-09-21 23:35:34,379 INFO  [org.jboss.as.naming] (ServerService Thread Pool -- 56) WFLYNAM0001: Activating Naming Subsystem
2022-09-21 23:35:34,408 INFO  [org.jboss.as.security] (ServerService Thread Pool -- 63) WFLYSEC0002: Activating Security Subsystem
2022-09-21 23:35:34,412 INFO  [org.jboss.as.webservices] (ServerService Thread Pool -- 66) WFLYWS0002: Activating WebServices Extension
2022-09-21 23:35:34,423 INFO  [org.wildfly.iiop.openjdk] (ServerService Thread Pool -- 46) WFLYIIOP0001: Activating IIOP Subsystem
2022-09-21 23:35:34,457 INFO  [org.jboss.as.jsf] (ServerService Thread Pool -- 52) WFLYJSF0007: Activated the following JSF Implementations: [main]
2022-09-21 23:35:34,558 INFO  [org.jboss.as.security] (MSC service thread 1-6) WFLYSEC0001: Current PicketBox version=5.0.2.Final
2022-09-21 23:35:34,626 INFO  [org.jboss.as.connector.subsystems.datasources] (ServerService Thread Pool -- 39) WFLYJCA0004: Deploying JDBC-compliant driver class org.h2.Driver (version 1.4)
2022-09-21 23:35:34,672 INFO  [org.jboss.as.connector] (MSC service thread 1-2) WFLYJCA0009: Starting JCA Subsystem (WildFly/IronJacamar 1.4.6.Final)
2022-09-21 23:35:34,690 INFO  [org.wildfly.extension.undertow] (MSC service thread 1-4) WFLYUT0003: Undertow 1.4.18.Final starting
2022-09-21 23:35:34,695 INFO  [org.jboss.as.naming] (MSC service thread 1-6) WFLYNAM0003: Starting Naming Service
2022-09-21 23:35:34,753 INFO  [org.jboss.as.connector.deployers.jdbc] (MSC service thread 1-4) WFLYJCA0018: Started Driver service with driver-name = h2
2022-09-21 23:35:34,758 INFO  [org.jboss.as.mail.extension] (MSC service thread 1-6) WFLYMAIL0001: Bound mail session [java:jboss/mail/Default]
2022-09-21 23:35:35,192 INFO  [org.wildfly.extension.undertow] (ServerService Thread Pool -- 65) WFLYUT0014: Creating file handler for path 'D:\workspace\ALURA\wildfly-11.0.0.Final/welcome-content' with options [directory-listing: 'false', follow-symlink: 'false', case-sensitive: 'true', safe-symlink-paths: '[]']
2022-09-21 23:35:36,026 INFO  [org.wildfly.extension.io] (ServerService Thread Pool -- 44) WFLYIO001: Worker 'default' has auto-configured to 8 core threads with 64 task threads based on your 4 available processors
2022-09-21 23:35:36,031 INFO  [org.jboss.as.ejb3] (MSC service thread 1-3) WFLYEJB0481: Strict pool slsb-strict-max-pool is using a max instance size of 64 (per class), which is derived from thread worker pool sizing.
2022-09-21 23:35:36,033 INFO  [org.jboss.as.ejb3] (MSC service thread 1-4) WFLYEJB0482: Strict pool mdb-strict-max-pool is using a max instance size of 16 (per class), which is derived from the number of CPUs on this host.
2022-09-21 23:35:36,197 INFO  [org.jboss.remoting] (MSC service thread 1-1) JBoss Remoting version 5.0.5.Final
2022-09-21 23:35:36,242 INFO  [org.wildfly.extension.undertow] (MSC service thread 1-6) WFLYUT0012: Started server default-server.
2022-09-21 23:35:36,262 INFO  [org.wildfly.extension.undertow] (MSC service thread 1-1) WFLYUT0018: Host default-host starting
2022-09-21 23:35:36,432 INFO  [org.wildfly.extension.undertow] (MSC service thread 1-6) WFLYUT0006: Undertow HTTP listener default listening on 127.0.0.1:8080
2022-09-21 23:35:36,944 INFO  [org.jboss.as.ejb3] (MSC service thread 1-6) WFLYEJB0493: EJB subsystem suspension complete
2022-09-21 23:35:37,259 INFO  [org.jboss.as.connector.subsystems.datasources] (MSC service thread 1-2) WFLYJCA0001: Bound data source [java:jboss/datasources/ExampleDS]
2022-09-21 23:35:37,492 INFO  [org.wildfly.iiop.openjdk] (MSC service thread 1-7) WFLYIIOP0009: CORBA ORB Service started
2022-09-21 23:35:39,491 INFO  [org.jboss.as.patching] (MSC service thread 1-6) WFLYPAT0050: WildFly Full cumulative patch ID is: base, one-off patches include: none
2022-09-21 23:35:39,502 INFO  [org.wildfly.extension.messaging-activemq] (MSC service thread 1-1) WFLYMSGAMQ0001: AIO wasn't located on this platform, it will fall back to using pure Java NIO.
2022-09-21 23:35:39,526 WARN  [org.jboss.as.domain.management.security] (MSC service thread 1-4) WFLYDM0111: Keystore D:\workspace\ALURA\wildfly-11.0.0.Final\standalone\configuration\application.keystore not found, it will be auto generated on first use with a self signed certificate for host localhost
2022-09-21 23:35:39,542 INFO  [org.jboss.as.server.deployment.scanner] (MSC service thread 1-7) WFLYDS0013: Started FileSystemDeploymentService for directory D:\workspace\ALURA\wildfly-11.0.0.Final\standalone\deployments
2022-09-21 23:35:39,548 INFO  [org.jboss.as.server.deployment] (MSC service thread 1-3) WFLYSRV0027: Starting deployment of "livraria.war" (runtime-name: "livraria.war")
2022-09-21 23:35:40,448 INFO  [org.apache.activemq.artemis.core.server] (ServerService Thread Pool -- 68) AMQ221000: live Message Broker is starting with configuration Broker Configuration (clustered=false,journalDirectory=D:\workspace\ALURA\wildfly-11.0.0.Final\standalone\data\activemq\journal,bindingsDirectory=D:\workspace\ALURA\wildfly-11.0.0.Final\standalone\data\activemq\bindings,largeMessagesDirectory=D:\workspace\ALURA\wildfly-11.0.0.Final\standalone\data\activemq\largemessages,pagingDirectory=D:\workspace\ALURA\wildfly-11.0.0.Final\standalone\data\activemq\paging)
2022-09-21 23:35:40,515 INFO  [org.apache.activemq.artemis.core.server] (ServerService Thread Pool -- 68) AMQ221013: Using NIO Journal
2022-09-21 23:35:40,515 INFO  [org.wildfly.extension.undertow] (MSC service thread 1-6) WFLYUT0006: Undertow HTTPS listener https listening on 127.0.0.1:8443
2022-09-21 23:35:40,632 INFO  [org.apache.activemq.artemis.core.server] (ServerService Thread Pool -- 68) AMQ221043: Protocol module found: [artemis-server]. Adding protocol support for: CORE
2022-09-21 23:35:40,806 INFO  [org.apache.activemq.artemis.core.server] (ServerService Thread Pool -- 68) AMQ221043: Protocol module found: [artemis-amqp-protocol]. Adding protocol support for: AMQP
2022-09-21 23:35:40,808 INFO  [org.apache.activemq.artemis.core.server] (ServerService Thread Pool -- 68) AMQ221043: Protocol module found: [artemis-hornetq-protocol]. Adding protocol support for: HORNETQ
2022-09-21 23:35:40,811 INFO  [org.apache.activemq.artemis.core.server] (ServerService Thread Pool -- 68) AMQ221043: Protocol module found: [artemis-stomp-protocol]. Adding protocol support for: STOMP
2022-09-21 23:35:41,606 INFO  [org.jboss.ws.common.management] (MSC service thread 1-6) JBWS022052: Starting JBossWS 5.1.9.Final (Apache CXF 3.1.12) 
2022-09-21 23:35:42,913 INFO  [org.wildfly.extension.messaging-activemq] (MSC service thread 1-1) WFLYMSGAMQ0016: Registered HTTP upgrade for activemq-remoting protocol handled by http-acceptor acceptor
2022-09-21 23:35:42,919 INFO  [org.wildfly.extension.messaging-activemq] (MSC service thread 1-4) WFLYMSGAMQ0016: Registered HTTP upgrade for activemq-remoting protocol handled by http-acceptor-throughput acceptor
2022-09-21 23:35:42,922 INFO  [org.wildfly.extension.messaging-activemq] (MSC service thread 1-7) WFLYMSGAMQ0016: Registered HTTP upgrade for activemq-remoting protocol handled by http-acceptor-throughput acceptor
2022-09-21 23:35:42,913 INFO  [org.wildfly.extension.messaging-activemq] (MSC service thread 1-3) WFLYMSGAMQ0016: Registered HTTP upgrade for activemq-remoting protocol handled by http-acceptor acceptor
2022-09-21 23:35:42,951 INFO  [org.jboss.weld.deployer] (MSC service thread 1-2) WFLYWELD0003: Processing weld deployment livraria.war
2022-09-21 23:35:43,114 INFO  [org.apache.activemq.artemis.core.server] (ServerService Thread Pool -- 68) AMQ221007: Server is now live
2022-09-21 23:35:43,114 INFO  [org.apache.activemq.artemis.core.server] (ServerService Thread Pool -- 68) AMQ221001: Apache ActiveMQ Artemis Message Broker version 1.5.5.jbossorg-008 [default, nodeID=3f950047-3a1f-11ed-9bd5-6c0b84db79bc] 
2022-09-21 23:35:43,119 INFO  [org.apache.activemq.artemis.core.server] (ServerService Thread Pool -- 68) AMQ221003: Deploying queue jms.queue.DLQ
2022-09-21 23:35:43,222 INFO  [org.jboss.as.connector.deployment] (MSC service thread 1-5) WFLYJCA0007: Registered connection factory java:/JmsXA
2022-09-21 23:35:43,280 INFO  [org.wildfly.extension.messaging-activemq] (ServerService Thread Pool -- 71) WFLYMSGAMQ0002: Bound messaging object to jndi name java:/ConnectionFactory
2022-09-21 23:35:43,281 INFO  [org.wildfly.extension.messaging-activemq] (ServerService Thread Pool -- 70) WFLYMSGAMQ0002: Bound messaging object to jndi name java:jboss/exported/jms/RemoteConnectionFactory
2022-09-21 23:35:43,283 INFO  [org.apache.activemq.artemis.core.server] (ServerService Thread Pool -- 69) AMQ221003: Deploying queue jms.queue.ExpiryQueue
2022-09-21 23:35:43,317 INFO  [org.hibernate.validator.internal.util.Version] (MSC service thread 1-2) HV000001: Hibernate Validator 5.3.5.Final
2022-09-21 23:35:43,331 INFO  [org.apache.activemq.artemis.ra] (MSC service thread 1-5) Resource adaptor started
2022-09-21 23:35:43,332 INFO  [org.jboss.as.connector.services.resourceadapters.ResourceAdapterActivatorService$ResourceAdapterActivator] (MSC service thread 1-5) IJ020002: Deployed: file://RaActivatoractivemq-ra
2022-09-21 23:35:43,338 INFO  [org.jboss.as.connector.deployment] (MSC service thread 1-5) WFLYJCA0002: Bound JCA ConnectionFactory [java:/JmsXA]
2022-09-21 23:35:43,339 INFO  [org.wildfly.extension.messaging-activemq] (MSC service thread 1-3) WFLYMSGAMQ0002: Bound messaging object to jndi name java:jboss/DefaultJMSConnectionFactory
2022-09-21 23:35:43,491 INFO  [org.jboss.as.ejb3.deployment] (MSC service thread 1-2) WFLYEJB0473: JNDI bindings for session bean named 'LivroDao' in deployment unit 'deployment "livraria.war"' are as follows:

	java:global/livraria/LivroDao!br.com.caelum.livraria.dao.LivroDao
	java:app/livraria/LivroDao!br.com.caelum.livraria.dao.LivroDao
	java:module/LivroDao!br.com.caelum.livraria.dao.LivroDao
	java:global/livraria/LivroDao
	java:app/livraria/LivroDao
	java:module/LivroDao

2022-09-21 23:35:43,491 INFO  [org.jboss.as.ejb3.deployment] (MSC service thread 1-2) WFLYEJB0473: JNDI bindings for session bean named 'Banco' in deployment unit 'deployment "livraria.war"' are as follows:

	java:global/livraria/Banco!br.com.caelum.livraria.dao.Banco
	java:app/livraria/Banco!br.com.caelum.livraria.dao.Banco
	java:module/Banco!br.com.caelum.livraria.dao.Banco
	java:global/livraria/Banco
	java:app/livraria/Banco
	java:module/Banco

2022-09-21 23:35:43,492 INFO  [org.jboss.as.ejb3.deployment] (MSC service thread 1-2) WFLYEJB0473: JNDI bindings for session bean named 'AutorDao' in deployment unit 'deployment "livraria.war"' are as follows:

	java:global/livraria/AutorDao!br.com.caelum.livraria.dao.AutorDao
	java:app/livraria/AutorDao!br.com.caelum.livraria.dao.AutorDao
	java:module/AutorDao!br.com.caelum.livraria.dao.AutorDao
	java:global/livraria/AutorDao
	java:app/livraria/AutorDao
	java:module/AutorDao

2022-09-21 23:35:43,492 INFO  [org.jboss.as.ejb3.deployment] (MSC service thread 1-2) WFLYEJB0473: JNDI bindings for session bean named 'UsuarioDao' in deployment unit 'deployment "livraria.war"' are as follows:

	java:global/livraria/UsuarioDao!br.com.caelum.livraria.dao.UsuarioDao
	java:app/livraria/UsuarioDao!br.com.caelum.livraria.dao.UsuarioDao
	java:module/UsuarioDao!br.com.caelum.livraria.dao.UsuarioDao
	java:global/livraria/UsuarioDao
	java:app/livraria/UsuarioDao
	java:module/UsuarioDao

2022-09-21 23:35:44,007 INFO  [org.infinispan.factories.GlobalComponentRegistry] (MSC service thread 1-1) ISPN000128: Infinispan version: Infinispan 'Chakra' 8.2.8.Final
2022-09-21 23:35:44,301 INFO  [org.jboss.weld.Version] (MSC service thread 1-8) WELD-000900: 2.4.3 (Final)
2022-09-21 23:35:44,659 INFO  [org.jboss.as.clustering.infinispan] (ServerService Thread Pool -- 69) WFLYCLINF0002: Started client-mappings cache from ejb container
2022-09-21 23:35:45,619 INFO  [stdout] (ServerService Thread Pool -- 71) [INFO] O Banco acabou de ser criado.
2022-09-21 23:35:45,943 INFO  [javax.enterprise.resource.webcontainer.jsf.config] (ServerService Thread Pool -- 71) Inicializando Mojarra 2.2.13.SP4  para o contexto '/livraria'
2022-09-21 23:35:47,564 INFO  [org.primefaces.webapp.PostConstructApplicationEventListener] (ServerService Thread Pool -- 71) Running on PrimeFaces 4.0
2022-09-21 23:35:47,635 INFO  [org.wildfly.extension.undertow] (ServerService Thread Pool -- 71) WFLYUT0021: Registered web context: '/livraria' for server 'default-server'
2022-09-21 23:35:47,689 INFO  [org.jboss.as.server] (ServerService Thread Pool -- 40) WFLYSRV0010: Deployed "livraria.war" (runtime-name : "livraria.war")
2022-09-21 23:35:47,846 INFO  [org.jboss.as.server] (Controller Boot Thread) WFLYSRV0212: Resuming server
2022-09-21 23:35:47,850 INFO  [org.jboss.as] (Controller Boot Thread) WFLYSRV0060: Http management interface listening on http://127.0.0.1:9990/management
2022-09-21 23:35:47,851 INFO  [org.jboss.as] (Controller Boot Thread) WFLYSRV0051: Admin console listening on http://127.0.0.1:9990
2022-09-21 23:35:47,851 INFO  [org.jboss.as] (Controller Boot Thread) WFLYSRV0025: WildFly Full 11.0.0.Final (WildFly Core 3.0.8.Final) started in 23357ms - Started 533 of 759 services (369 services are lazy, passive or on-demand)
2022-09-21 23:36:10,072 INFO  [stdout] (default task-10) [INFO] AutorDao foi criado.
2022-09-21 23:36:30,386 INFO  [stdout] (default task-37) [INFO] Salvando o Autor Glenio
2022-09-21 23:36:30,387 INFO  [stdout] (default task-37) [INFO] Salvou o Autor Glenio
